<?xml version="1.0" encoding="UTF-8"?>
<!-- Generated by org.testng.reporters.JUnitReportReporter -->
<testsuite hostname="DESKTOP-F2TGJ1K" failures="0" tests="1" name="test.PatientLoginTest" time="8.646" errors="0" timestamp="2021-09-08T12:58:29 IST" skipped="0">
  <testcase classname="test.PatientLoginTest" name="loginTest" time="8.646"/>
  <system-out/>
</testsuite> <!-- test.PatientLoginTest -->
