<?xml version="1.0" encoding="UTF-8"?>
<!-- Generated by org.testng.reporters.JUnitReportReporter -->
<testsuite hostname="DESKTOP-F2TGJ1K" failures="0" tests="6" name="test.PatientLoginTest" time="13.888" errors="0" timestamp="2021-09-09T17:12:17 IST" skipped="0">
  <testcase classname="test.PatientLoginTest" name="loginTest" time="10.842"/>
  <system-out/>
  <testcase classname="test.PatientLoginTest" name="bookapointment" time="0.557"/>
  <system-out/>
  <testcase classname="test.PatientLoginTest" name="searchlocationanddoctorname" time="0.212"/>
  <system-out/>
  <testcase classname="test.PatientLoginTest" name="patientBookAppointment" time="0.684"/>
  <system-out/>
  <testcase classname="test.PatientLoginTest" name="selectDateandconsultationtype" time="1.176"/>
  <system-out/>
  <testcase classname="test.PatientLoginTest" name="patientspersonalinfomation" time="0.417"/>
  <system-out/>
</testsuite> <!-- test.PatientLoginTest -->
