<?xml version="1.0" encoding="UTF-8"?>
<!-- Generated by org.testng.reporters.JUnitReportReporter -->
<testsuite hostname="DESKTOP-F2TGJ1K" failures="0" tests="1" name="test.DoctorsignupTest" time="8.794" errors="0" timestamp="2021-08-30T18:45:44 IST" skipped="0">
  <testcase classname="test.DoctorsignupTest" name="test_doctorSignup" time="8.794"/>
  <system-out/>
</testsuite> <!-- test.DoctorsignupTest -->
