<?xml version="1.0" encoding="UTF-8"?>
<!-- Generated by org.testng.reporters.JUnitReportReporter -->
<testsuite hostname="DESKTOP-F2TGJ1K" failures="0" tests="1" name="utils.SentEmail.EmailSend" time="4.997" errors="0" timestamp="2021-09-08T12:33:05 IST" skipped="0">
  <testcase classname="utils.SentEmail.EmailSend" name="sendemail" time="4.997"/>
  <system-out/>
</testsuite> <!-- utils.SentEmail.EmailSend -->
