<?xml version="1.0" encoding="UTF-8"?>
<!-- Generated by org.testng.reporters.JUnitReportReporter -->
<testsuite hostname="DESKTOP-F2TGJ1K" failures="0" tests="3" name="test.admintest" time="11.433" errors="0" timestamp="2021-08-30T18:45:44 IST" skipped="0">
  <testcase classname="test.admintest" name="test_adminpage" time="10.539"/>
  <system-out/>
  <testcase classname="test.admintest" name="test_admindashboard" time="0.110"/>
  <system-out/>
  <testcase classname="test.admintest" name="test_adminsupport" time="0.784"/>
  <system-out/>
</testsuite> <!-- test.admintest -->
