<?xml version="1.0" encoding="UTF-8"?>
<!-- Generated by org.testng.reporters.JUnitReportReporter -->
<testsuite hostname="DESKTOP-F2TGJ1K" failures="0" tests="1" name="test.DoctorLoginTest" time="10.211" errors="0" timestamp="2021-08-31T11:51:08 IST" skipped="0">
  <testcase classname="test.DoctorLoginTest" name="test_DoctorProfilePage" time="10.211"/>
  <system-out>
    <![CDATA[<a target="_blank" href="C:\Users\Codet\eclipse-workspace\BrontoDoctor\screenshots\screenshot1.png">Screenshot1</a>
<img src="C:\Users\Codet\eclipse-workspace\BrontoDoctor\screenshots\screenshot1.png"/>]]>
  </system-out>
</testsuite> <!-- test.DoctorLoginTest -->
