<?xml version="1.0" encoding="UTF-8"?>
<!-- Generated by org.testng.reporters.JUnitReportReporter -->
<testsuite hostname="DESKTOP-F2TGJ1K" failures="0" tests="3" name="test.supporttest" time="7.918" errors="0" timestamp="2021-08-30T18:45:44 IST" skipped="0">
  <testcase classname="test.supporttest" name="test_supportpage" time="7.133"/>
  <system-out/>
  <testcase classname="test.supporttest" name="test_TicketInformation" time="0.523"/>
  <system-out/>
  <testcase classname="test.supporttest" name="test_Doctorprofieviewing" time="0.262"/>
  <system-out/>
</testsuite> <!-- test.supporttest -->
