<?xml version="1.0" encoding="UTF-8"?>
<!-- Generated by org.testng.reporters.JUnitReportReporter -->
<testsuite hostname="DESKTOP-F2TGJ1K" failures="0" tests="1" name="test.DoctorsignupTest" time="5.487" errors="0" timestamp="2021-09-02T12:04:17 IST" skipped="0">
  <testcase classname="test.DoctorsignupTest" name="test_doctorSignup" time="5.487"/>
  <system-out>
    <![CDATA[<a target="_blank" href="C:\Users\Codet\eclipse-workspace\BrontoDoctor\screenshots\screenshot2.png">Screenshot2</a>
<img src="C:\Users\Codet\eclipse-workspace\BrontoDoctor\screenshots\screenshot2.png"/>]]>
  </system-out>
</testsuite> <!-- test.DoctorsignupTest -->
