<?xml version="1.0" encoding="UTF-8"?>
<!-- Generated by org.testng.reporters.JUnitReportReporter -->
<testsuite hostname="DESKTOP-F2TGJ1K" failures="0" tests="1" name="test.DoctorLoginTest" time="0.234" errors="0" timestamp="2021-08-26T10:21:17 IST" skipped="0">
  <testcase classname="test.DoctorLoginTest" name="test_DoctorProfilePage" time="0.234"/>
  <system-out/>
</testsuite> <!-- test.DoctorLoginTest -->
