<?xml version="1.0" encoding="UTF-8"?>
<!-- Generated by org.testng.reporters.JUnitReportReporter -->
<testsuite hostname="DESKTOP-F2TGJ1K" failures="0" tests="3" name="test.admintest" time="5.484" errors="0" timestamp="2021-08-31T11:51:08 IST" skipped="0">
  <testcase classname="test.admintest" name="test_adminpage" time="4.253"/>
  <system-out>
    <![CDATA[<a target="_blank" href="C:\Users\Codet\eclipse-workspace\BrontoDoctor\screenshots\screenshot3.png">Screenshot3</a>
<img src="C:\Users\Codet\eclipse-workspace\BrontoDoctor\screenshots\screenshot3.png"/>]]>
  </system-out>
  <testcase classname="test.admintest" name="test_admindashboard" time="0.324"/>
  <system-out>
    <![CDATA[<a target="_blank" href="C:\Users\Codet\eclipse-workspace\BrontoDoctor\screenshots\screenshot4.png">Screenshot4</a>
<img src="C:\Users\Codet\eclipse-workspace\BrontoDoctor\screenshots\screenshot4.png"/>]]>
  </system-out>
  <testcase classname="test.admintest" name="test_adminsupport" time="0.907"/>
  <system-out>
    <![CDATA[<a target="_blank" href="C:\Users\Codet\eclipse-workspace\BrontoDoctor\screenshots\screenshot5.png">Screenshot5</a>
<img src="C:\Users\Codet\eclipse-workspace\BrontoDoctor\screenshots\screenshot5.png"/>]]>
  </system-out>
</testsuite> <!-- test.admintest -->
