<?xml version="1.0" encoding="UTF-8"?>
<!-- Generated by org.testng.reporters.JUnitReportReporter -->
<testsuite hostname="DESKTOP-F2TGJ1K" failures="0" tests="1" name="test.PatientLoginTest" time="8.896" errors="0" timestamp="2021-09-08T12:33:05 IST" skipped="0">
  <testcase classname="test.PatientLoginTest" name="loginTest" time="8.896"/>
  <system-out/>
</testsuite> <!-- test.PatientLoginTest -->
