<?xml version="1.0" encoding="UTF-8"?>
<!-- Generated by org.testng.reporters.JUnitReportReporter -->
<testsuite hostname="DESKTOP-F2TGJ1K" failures="0" tests="1" name="test.PatientLoginTest" time="9.422" errors="0" timestamp="2021-09-08T17:51:47 IST" skipped="0">
  <testcase classname="test.PatientLoginTest" name="loginTest" time="9.422"/>
  <system-out/>
</testsuite> <!-- test.PatientLoginTest -->
