<?xml version="1.0" encoding="UTF-8"?>
<!-- Generated by org.testng.reporters.JUnitReportReporter -->
<testsuite hostname="DESKTOP-F2TGJ1K" failures="0" tests="1" name="test.Emailtest" time="0.004" errors="0" timestamp="2021-09-08T12:00:27 IST" skipped="0">
  <testcase classname="test.Emailtest" name="loginTest" time="0.004"/>
  <system-out/>
</testsuite> <!-- test.Emailtest -->
