<?xml version="1.0" encoding="UTF-8"?>
<!-- Generated by org.testng.reporters.JUnitReportReporter -->
<testsuite hostname="DESKTOP-F2TGJ1K" failures="0" tests="3" name="test.supporttest" time="7.888" errors="0" timestamp="2021-08-31T13:24:01 IST" skipped="0">
  <testcase classname="test.supporttest" name="test_supportpage" time="5.783"/>
  <system-out>
    <![CDATA[<a target="_blank" href="C:\Users\Codet\eclipse-workspace\BrontoDoctor\screenshots\screenshot6.png">Screenshot6</a>
<img src="C:\Users\Codet\eclipse-workspace\BrontoDoctor\screenshots\screenshot6.png"/>]]>
  </system-out>
  <testcase classname="test.supporttest" name="test_TicketInformation" time="1.394"/>
  <system-out>
    <![CDATA[<a target="_blank" href="C:\Users\Codet\eclipse-workspace\BrontoDoctor\screenshots\screenshot7.png">Screenshot7</a>
<img src="C:\Users\Codet\eclipse-workspace\BrontoDoctor\screenshots\screenshot7.png"/>]]>
  </system-out>
  <testcase classname="test.supporttest" name="test_Doctorprofieviewing" time="0.711"/>
  <system-out>
    <![CDATA[<a target="_blank" href="C:\Users\Codet\eclipse-workspace\BrontoDoctor\screenshots\screenshot8.png">Screenshot8</a>
<img src="C:\Users\Codet\eclipse-workspace\BrontoDoctor\screenshots\screenshot8.png"/>]]>
  </system-out>
</testsuite> <!-- test.supporttest -->
