<?xml version="1.0" encoding="UTF-8"?>
<!-- Generated by org.testng.reporters.JUnitReportReporter -->
<testsuite hostname="DESKTOP-F2TGJ1K" failures="0" tests="1" name="test.DoctorProfileTest" time="0.232" errors="0" timestamp="2021-08-24T14:53:30 IST" skipped="0">
  <testcase classname="test.DoctorProfileTest" name="test_DoctorProfilePage" time="0.232"/>
  <system-out/>
</testsuite> <!-- test.DoctorProfileTest -->
