<?xml version="1.0" encoding="UTF-8"?>
<!-- Generated by org.testng.reporters.JUnitReportReporter -->
<testsuite hostname="DESKTOP-F2TGJ1K" failures="0" tests="1" name="test.DoctorLoginTest" time="0.226" errors="0" timestamp="2021-08-24T15:40:41 IST" skipped="0">
  <testcase classname="test.DoctorLoginTest" name="test_DoctorProfilePage" time="0.226"/>
  <system-out/>
</testsuite> <!-- test.DoctorLoginTest -->
