<?xml version="1.0" encoding="UTF-8"?>
<!-- Generated by org.testng.reporters.JUnitReportReporter -->
<testsuite hostname="DESKTOP-F2TGJ1K" failures="0" tests="1" name="test.DoctorLoginTest" time="10.788" errors="0" timestamp="2021-08-30T18:45:44 IST" skipped="0">
  <testcase classname="test.DoctorLoginTest" name="test_DoctorProfilePage" time="10.788"/>
  <system-out/>
</testsuite> <!-- test.DoctorLoginTest -->
