<?xml version="1.0" encoding="UTF-8"?>
<!-- Generated by org.testng.reporters.JUnitReportReporter -->
<testsuite hostname="DESKTOP-F2TGJ1K" failures="0" tests="1" name="test.DoctorLoginTest" time="0.234" errors="0" timestamp="24 Aug 2021 12:01:25 GMT">
  <testcase classname="test.DoctorLoginTest" name="test_DoctorProfilePage" time="0.234"/>
</testsuite> <!-- test.DoctorLoginTest -->
