<?xml version="1.0" encoding="UTF-8"?>
<!-- Generated by org.testng.reporters.JUnitReportReporter -->
<testsuite hostname="DESKTOP-F2TGJ1K" failures="0" tests="1" name="test.DoctorsignupTest" time="0.408" errors="0" timestamp="24 Aug 2021 12:01:25 GMT">
  <testcase classname="test.DoctorsignupTest" name="test_doctorSignup" time="0.408"/>
</testsuite> <!-- test.DoctorsignupTest -->
