<?xml version="1.0" encoding="UTF-8"?>
<!-- Generated by org.testng.reporters.JUnitReportReporter -->
<testsuite hostname="DESKTOP-F2TGJ1K" failures="0" tests="3" name="test.supporttest" time="7.303" errors="0" timestamp="31 Aug 2021 07:55:03 GMT">
  <testcase classname="test.supporttest" name="test_supportpage" time="5.579"/>
  <testcase classname="test.supporttest" name="test_Doctorprofieviewing" time="0.603"/>
  <testcase classname="test.supporttest" name="test_TicketInformation" time="1.121"/>
</testsuite> <!-- test.supporttest -->
