<?xml version="1.0" encoding="UTF-8"?>
<!-- Generated by org.testng.reporters.JUnitReportReporter -->
<testsuite hostname="DESKTOP-F2TGJ1K" failures="0" tests="3" name="test.supporttest" time="5.909" errors="0" timestamp="31 Aug 2021 06:29:52 GMT">
  <testcase classname="test.supporttest" name="test_TicketInformation" time="0.479"/>
  <testcase classname="test.supporttest" name="test_supportpage" time="4.898"/>
  <testcase classname="test.supporttest" name="test_Doctorprofieviewing" time="0.532"/>
</testsuite> <!-- test.supporttest -->
