<?xml version="1.0" encoding="UTF-8"?>
<!-- Generated by org.testng.reporters.JUnitReportReporter -->
<testsuite hostname="DESKTOP-F2TGJ1K" failures="0" tests="1" name="test.DoctorsignupTest" time="1.089" errors="0" timestamp="25 Aug 2021 04:48:49 GMT">
  <testcase classname="test.DoctorsignupTest" name="test_doctorSignup" time="1.089"/>
</testsuite> <!-- test.DoctorsignupTest -->
