<?xml version="1.0" encoding="UTF-8"?>
<!-- Generated by org.testng.reporters.JUnitReportReporter -->
<testsuite hostname="DESKTOP-F2TGJ1K" failures="0" tests="1" name="test.DoctorLoginTest" time="10.743" errors="0" timestamp="31 Aug 2021 06:29:52 GMT">
  <testcase classname="test.DoctorLoginTest" name="test_DoctorProfilePage" time="10.743"/>
</testsuite> <!-- test.DoctorLoginTest -->
