<?xml version="1.0" encoding="UTF-8"?>
<!-- Generated by org.testng.reporters.JUnitReportReporter -->
<testsuite hostname="DESKTOP-F2TGJ1K" failures="0" tests="3" name="test.admintest" time="5.145" errors="0" timestamp="31 Aug 2021 06:29:52 GMT">
  <testcase classname="test.admintest" name="test_admindashboard" time="0.355"/>
  <testcase classname="test.admintest" name="test_adminpage" time="3.956"/>
  <testcase classname="test.admintest" name="test_adminsupport" time="0.834"/>
</testsuite> <!-- test.admintest -->
