<?xml version="1.0" encoding="UTF-8"?>
<!-- Generated by org.testng.reporters.JUnitReportReporter -->
<testsuite hostname="DESKTOP-F2TGJ1K" failures="0" tests="3" name="test.admintest" time="6.962" errors="0" timestamp="31 Aug 2021 07:55:03 GMT">
  <testcase classname="test.admintest" name="test_adminsupport" time="1.009"/>
  <testcase classname="test.admintest" name="test_admindashboard" time="0.493"/>
  <testcase classname="test.admintest" name="test_adminpage" time="5.460"/>
</testsuite> <!-- test.admintest -->
