<?xml version="1.0" encoding="UTF-8"?>
<!-- Generated by org.testng.reporters.JUnitReportReporter -->
<testsuite hostname="DESKTOP-F2TGJ1K" failures="0" tests="1" name="test.DoctorsignupTest" time="16.393" errors="0" timestamp="30 Aug 2021 13:17:29 GMT">
  <testcase classname="test.DoctorsignupTest" name="test_doctorSignup" time="16.393"/>
</testsuite> <!-- test.DoctorsignupTest -->
