<?xml version="1.0" encoding="UTF-8"?>
<!-- Generated by org.testng.reporters.JUnitReportReporter -->
<testsuite hostname="DESKTOP-F2TGJ1K" failures="0" tests="1" name="test.DoctorsignupTest" time="7.410" errors="0" timestamp="31 Aug 2021 07:55:03 GMT">
  <testcase classname="test.DoctorsignupTest" name="test_doctorSignup" time="7.410"/>
</testsuite> <!-- test.DoctorsignupTest -->
