<?xml version="1.0" encoding="UTF-8"?>
<!-- Generated by org.testng.reporters.JUnitReportReporter -->
<testsuite hostname="DESKTOP-F2TGJ1K" failures="0" tests="1" name="test.DoctorLoginTest" time="29.971" errors="0" timestamp="6 Sep 2021 10:05:02 GMT">
  <testcase classname="test.DoctorLoginTest" name="test_DoctorProfilePage" time="29.971"/>
</testsuite> <!-- test.DoctorLoginTest -->
