<?xml version="1.0" encoding="UTF-8"?>
<!-- Generated by org.testng.reporters.JUnitReportReporter -->
<testsuite hostname="DESKTOP-F2TGJ1K" failures="0" tests="1" name="test.DoctorLoginTest" time="0.253" errors="0" timestamp="27 Aug 2021 10:27:34 GMT">
  <testcase classname="test.DoctorLoginTest" name="test_DoctorProfilePage" time="0.253"/>
</testsuite> <!-- test.DoctorLoginTest -->
